Oct 12, 2025 4:16:23 PM edu.curtin.saed.assignment2.App setupKeyListener
INFO: Native hook registered successfully.
Oct 12, 2025 4:16:23 PM edu.curtin.saed.assignment2.App main
INFO: Starting Simulation
Oct 12, 2025 4:16:23 PM edu.curtin.saed.assignment2.Simulation createMap
INFO: Map created successfully.
Oct 12, 2025 4:16:23 PM edu.curtin.saed.assignment2.Simulation addPlayer
INFO: Player added successfully.
Oct 12, 2025 4:16:23 PM edu.curtin.saed.assignment2.Simulation addGoal
INFO: Goal added successfully.
Oct 12, 2025 4:16:23 PM edu.curtin.saed.assignment2.Simulation addObstacles
INFO: Obstacles added successfully.
Oct 12, 2025 4:16:23 PM edu.curtin.saed.assignment2.Simulation addObstacles
INFO: Obstacles added successfully.
Oct 12, 2025 4:16:23 PM edu.curtin.saed.assignment2.Simulation addObstacles
INFO: Obstacles added successfully.
Oct 12, 2025 4:16:23 PM edu.curtin.saed.assignment2.Simulation addObstacles
INFO: Obstacles added successfully.
Oct 12, 2025 4:16:23 PM edu.curtin.saed.assignment2.Simulation addObstacles
INFO: Obstacles added successfully.
Oct 12, 2025 4:16:23 PM edu.curtin.saed.assignment2.Simulation addCollectables
INFO: Collectables added successfully.
Oct 12, 2025 4:16:23 PM edu.curtin.saed.assignment2.Simulation addCollectables
INFO: Collectables added successfully.
Oct 12, 2025 4:16:23 PM edu.curtin.saed.assignment2.Simulation addCollectables
INFO: Collectables added successfully.
Oct 12, 2025 4:16:23 PM edu.curtin.saed.assignment2.Simulation addCollectables
INFO: Collectables added successfully.
Oct 12, 2025 4:16:23 PM edu.curtin.saed.assignment2.Simulation addCollectables
INFO: Collectables added successfully.
Oct 12, 2025 4:16:23 PM edu.curtin.saed.assignment2.App readFile
INFO: Input valid
Oct 12, 2025 4:16:23 PM edu.curtin.saed.assignment2.Simulation getMessagesToShow
INFO: Messages to show generated successfully.
Oct 12, 2025 4:16:23 PM edu.curtin.saed.assignment2.Simulation getDrawableMap
INFO: Drawable map generated successfully.
Oct 12, 2025 4:16:28 PM edu.curtin.saed.assignment2.App nativeKeyPressed
INFO: Player moved right - clicked
Oct 12, 2025 4:16:28 PM edu.curtin.saed.assignment2.Simulation movePlayer
INFO: Player Pos: at row:1, col:1
Oct 12, 2025 4:16:28 PM edu.curtin.saed.assignment2.Simulation movePlayer
INFO: Target Pos: at row:1, col:2
Oct 12, 2025 4:16:28 PM edu.curtin.saed.assignment2.Player move
INFO: Player moves the step -> row:0 ,col:1
Oct 12, 2025 4:16:28 PM edu.curtin.saed.assignment2.Simulation getMessagesToShow
INFO: Messages to show generated successfully.
Oct 12, 2025 4:16:28 PM edu.curtin.saed.assignment2.Simulation getDrawableMap
INFO: Drawable map generated successfully.
Oct 12, 2025 4:16:29 PM edu.curtin.saed.assignment2.App nativeKeyPressed
INFO: Player moved down - clicked
Oct 12, 2025 4:16:29 PM edu.curtin.saed.assignment2.Simulation movePlayer
INFO: Player Pos: at row:1, col:2
Oct 12, 2025 4:16:29 PM edu.curtin.saed.assignment2.Simulation movePlayer
INFO: Target Pos: at row:2, col:2
Oct 12, 2025 4:16:29 PM edu.curtin.saed.assignment2.Simulation addMsgToShow
INFO: Message added successfully.
Oct 12, 2025 4:16:29 PM edu.curtin.saed.assignment2.Simulation addMsgToShow
INFO: Message added successfully.
Oct 12, 2025 4:16:29 PM edu.curtin.saed.assignment2.Player move
INFO: Player moves the step -> row:1 ,col:0
Oct 12, 2025 4:16:29 PM edu.curtin.saed.assignment2.Simulation getMessagesToShow
INFO: Messages to show generated successfully.
Oct 12, 2025 4:16:29 PM edu.curtin.saed.assignment2.Simulation getDrawableMap
INFO: Drawable map generated successfully.
